[debug] [2022-07-05T00:19:44.267Z] ----------------------------------------------------------------------
[debug] [2022-07-05T00:19:44.270Z] Command:       /usr/local/bin/node /usr/local/bin/firebase init
[debug] [2022-07-05T00:19:44.271Z] CLI Version:   11.2.0
[debug] [2022-07-05T00:19:44.271Z] Platform:      darwin
[debug] [2022-07-05T00:19:44.271Z] Node Version:  v18.4.0
[debug] [2022-07-05T00:19:44.273Z] Time:          Tue Jul 05 2022 05:49:44 GMT+0530 (India Standard Time)
[debug] [2022-07-05T00:19:44.273Z] ----------------------------------------------------------------------
[debug] 
[debug] [2022-07-05T00:19:44.283Z] > command requires scopes: ["email","openid","https://www.googleapis.com/auth/cloudplatformprojects.readonly","https://www.googleapis.com/auth/firebase","https://www.googleapis.com/auth/cloud-platform"]
[debug] [2022-07-05T00:19:44.283Z] > authorizing via signed-in user (heena.tech09@gmail.com)
[info] 
     ######## #### ########  ######## ########     ###     ######  ########
     ##        ##  ##     ## ##       ##     ##  ##   ##  ##       ##
     ######    ##  ########  ######   ########  #########  ######  ######
     ##        ##  ##    ##  ##       ##     ## ##     ##       ## ##
     ##       #### ##     ## ######## ########  ##     ##  ######  ########

You're about to initialize a Firebase project in this directory:

  /Users/heena/Documents/LocalPocket-Website

[info] 
=== Project Setup
[info] 
[info] First, let's associate this project directory with a Firebase project.
[info] You can create multiple project aliases by running firebase use --add, 
[info] but for now we'll just set up a default project.
[info] 
[debug] [2022-07-05T00:20:04.474Z] >>> [apiv2][query] GET https://firebase.googleapis.com/v1beta1/projects pageSize=100
[debug] [2022-07-05T00:20:05.210Z] <<< [apiv2][status] GET https://firebase.googleapis.com/v1beta1/projects 200
[debug] [2022-07-05T00:20:05.210Z] <<< [apiv2][body] GET https://firebase.googleapis.com/v1beta1/projects [omitted]
[info] i  Using project local-pocket (Local Pocket Web) 
[info] 
=== Hosting Setup
[info] 
[info] Your public directory is the folder (relative to your project directory) that
[info] will contain Hosting assets to be uploaded with firebase deploy. If you
[info] have a build process for your assets, use your build's output directory.
[info] 
